2023-01-25 13:57:44.276  INFO 31146 --- [main] com.example.demo.SareetaApplication      : Starting SareetaApplication on debian with PID 31146 (/home/hzhang/Documents/java-web-developer/security-and-devops/nd035-c4-Security-and-DevOps/starter_code/target/classes started by hzhang in /home/hzhang/Documents/java-web-developer/security-and-devops/nd035-c4-Security-and-DevOps/starter_code)
2023-01-25 13:57:44.278  INFO 31146 --- [main] com.example.demo.SareetaApplication      : No active profile set, falling back to default profiles: default
2023-01-25 13:57:45.017  INFO 31146 --- [main] .s.d.r.c.RepositoryConfigurationDelegate : Bootstrapping Spring Data repositories in DEFAULT mode.
2023-01-25 13:57:45.098  INFO 31146 --- [main] .s.d.r.c.RepositoryConfigurationDelegate : Finished Spring Data repository scanning in 67ms. Found 4 repository interfaces.
2023-01-25 13:57:45.664  INFO 31146 --- [main] trationDelegate$BeanPostProcessorChecker : Bean 'org.springframework.transaction.annotation.ProxyTransactionManagementConfiguration' of type [org.springframework.transaction.annotation.ProxyTransactionManagementConfiguration$$EnhancerBySpringCGLIB$$6d856997] is not eligible for getting processed by all BeanPostProcessors (for example: not eligible for auto-proxying)
2023-01-25 13:57:45.944  INFO 31146 --- [main] o.s.b.w.embedded.tomcat.TomcatWebServer  : Tomcat initialized with port(s): 8080 (http)
2023-01-25 13:57:45.977  INFO 31146 --- [main] o.apache.catalina.core.StandardService   : Starting service [Tomcat]
2023-01-25 13:57:45.977  INFO 31146 --- [main] org.apache.catalina.core.StandardEngine  : Starting Servlet engine: [Apache Tomcat/9.0.19]
2023-01-25 13:57:46.096  INFO 31146 --- [main] o.a.c.c.C.[Tomcat].[localhost].[/]       : Initializing Spring embedded WebApplicationContext
2023-01-25 13:57:46.096  INFO 31146 --- [main] o.s.web.context.ContextLoader            : Root WebApplicationContext: initialization completed in 1750 ms
2023-01-25 13:57:46.319  INFO 31146 --- [main] com.zaxxer.hikari.HikariDataSource       : HikariPool-1 - Starting...
2023-01-25 13:57:46.441  INFO 31146 --- [main] com.zaxxer.hikari.HikariDataSource       : HikariPool-1 - Start completed.
2023-01-25 13:57:46.533  INFO 31146 --- [main] o.hibernate.jpa.internal.util.LogHelper  : HHH000204: Processing PersistenceUnitInfo [
	name: default
	...]
2023-01-25 13:57:46.600  INFO 31146 --- [main] org.hibernate.Version                    : HHH000412: Hibernate Core {5.3.10.Final}
2023-01-25 13:57:46.601  INFO 31146 --- [main] org.hibernate.cfg.Environment            : HHH000206: hibernate.properties not found
2023-01-25 13:57:46.698  INFO 31146 --- [main] o.hibernate.annotations.common.Version   : HCANN000001: Hibernate Commons Annotations {5.0.4.Final}
2023-01-25 13:57:46.815  INFO 31146 --- [main] org.hibernate.dialect.Dialect            : HHH000400: Using dialect: org.hibernate.dialect.H2Dialect
2023-01-25 13:57:47.472  INFO 31146 --- [main] j.LocalContainerEntityManagerFactoryBean : Initialized JPA EntityManagerFactory for persistence unit 'default'
2023-01-25 13:57:48.147  WARN 31146 --- [main] aWebConfiguration$JpaWebMvcConfiguration : spring.jpa.open-in-view is enabled by default. Therefore, database queries may be performed during view rendering. Explicitly configure spring.jpa.open-in-view to disable this warning
2023-01-25 13:57:48.206  INFO 31146 --- [main] o.s.s.web.DefaultSecurityFilterChain     : Creating filter chain: any request, [org.springframework.security.web.context.request.async.WebAsyncManagerIntegrationFilter@731fae, org.springframework.security.web.context.SecurityContextPersistenceFilter@44587c44, org.springframework.security.web.header.HeaderWriterFilter@6f27730b, org.springframework.web.filter.CorsFilter@438a2d3, org.springframework.security.web.authentication.logout.LogoutFilter@495bc9e7, com.example.demo.security.JWTAuthenticationFilter@6fe9c048, com.example.demo.security.JWTAuthenticationVerficationFilter@54d46c8, org.springframework.security.web.savedrequest.RequestCacheAwareFilter@48751d8a, org.springframework.security.web.servletapi.SecurityContextHolderAwareRequestFilter@6ad198c9, org.springframework.security.web.authentication.AnonymousAuthenticationFilter@1ddba7a0, org.springframework.security.web.session.SessionManagementFilter@14eb96e9, org.springframework.security.web.access.ExceptionTranslationFilter@7bebad0d, org.springframework.security.web.access.intercept.FilterSecurityInterceptor@4aea57dc]
2023-01-25 13:57:48.323  INFO 31146 --- [main] o.s.s.concurrent.ThreadPoolTaskExecutor  : Initializing ExecutorService 'applicationTaskExecutor'
2023-01-25 13:57:48.547  INFO 31146 --- [main] o.s.b.w.embedded.tomcat.TomcatWebServer  : Tomcat started on port(s): 8080 (http) with context path ''
2023-01-25 13:57:48.551  INFO 31146 --- [main] com.example.demo.SareetaApplication      : Started SareetaApplication in 4.661 seconds (JVM running for 5.088)
2023-01-25 13:57:53.874  INFO 31146 --- [http-nio-8080-exec-1] o.a.c.c.C.[Tomcat].[localhost].[/]       : Initializing Spring DispatcherServlet 'dispatcherServlet'
2023-01-25 13:57:53.875  INFO 31146 --- [http-nio-8080-exec-1] o.s.web.servlet.DispatcherServlet        : Initializing Servlet 'dispatcherServlet'
2023-01-25 13:57:53.884  INFO 31146 --- [http-nio-8080-exec-1] o.s.web.servlet.DispatcherServlet        : Completed initialization in 8 ms
2023-01-25 13:57:53.969 ERROR 31146 --- [http-nio-8080-exec-1] c.e.demo.controllers.UserController      : Password does not meet the safety requirement.
2023-01-25 13:58:58.595  INFO 31146 --- [http-nio-8080-exec-4] c.e.demo.controllers.UserController      : New user Tom created successfully.
2023-01-25 13:59:08.037  INFO 31146 --- [http-nio-8080-exec-5] c.e.demo.controllers.UserController      : New user Amy created successfully.
2023-01-25 13:59:15.618  INFO 31146 --- [http-nio-8080-exec-6] o.h.h.i.QueryTranslatorFactoryInitiator  : HHH000397: Using ASTQueryTranslatorFactory
2023-01-25 14:00:20.093 ERROR 31146 --- [http-nio-8080-exec-10] c.e.demo.controllers.OrderController     : User Amyis not authorized for this action.
2023-01-25 14:00:27.810  INFO 31146 --- [http-nio-8080-exec-2] c.e.demo.controllers.OrderController     : Order (id:1) is submitted successfully.
2023-01-25 14:55:15.584  INFO 31686 --- [main] c.example.demo.SareetaApplicationTests   : Starting SareetaApplicationTests on debian with PID 31686 (started by hzhang in /home/hzhang/Documents/java-web-developer/security-and-devops/nd035-c4-Security-and-DevOps/starter_code)
2023-01-25 14:55:15.594  INFO 31686 --- [main] c.example.demo.SareetaApplicationTests   : No active profile set, falling back to default profiles: default
2023-01-25 14:55:16.171  INFO 31686 --- [main] .s.d.r.c.RepositoryConfigurationDelegate : Bootstrapping Spring Data repositories in DEFAULT mode.
2023-01-25 14:55:16.258  INFO 31686 --- [main] .s.d.r.c.RepositoryConfigurationDelegate : Finished Spring Data repository scanning in 77ms. Found 4 repository interfaces.
2023-01-25 14:55:16.701  INFO 31686 --- [main] trationDelegate$BeanPostProcessorChecker : Bean 'org.springframework.transaction.annotation.ProxyTransactionManagementConfiguration' of type [org.springframework.transaction.annotation.ProxyTransactionManagementConfiguration$$EnhancerBySpringCGLIB$$6bea429a] is not eligible for getting processed by all BeanPostProcessors (for example: not eligible for auto-proxying)
2023-01-25 14:55:16.890  INFO 31686 --- [main] com.zaxxer.hikari.HikariDataSource       : HikariPool-1 - Starting...
2023-01-25 14:55:16.999  INFO 31686 --- [main] com.zaxxer.hikari.HikariDataSource       : HikariPool-1 - Start completed.
2023-01-25 14:55:17.038  INFO 31686 --- [main] o.hibernate.jpa.internal.util.LogHelper  : HHH000204: Processing PersistenceUnitInfo [
	name: default
	...]
2023-01-25 14:55:17.092  INFO 31686 --- [main] org.hibernate.Version                    : HHH000412: Hibernate Core {5.3.10.Final}
2023-01-25 14:55:17.093  INFO 31686 --- [main] org.hibernate.cfg.Environment            : HHH000206: hibernate.properties not found
2023-01-25 14:55:17.200  INFO 31686 --- [main] o.hibernate.annotations.common.Version   : HCANN000001: Hibernate Commons Annotations {5.0.4.Final}
2023-01-25 14:55:17.335  INFO 31686 --- [main] org.hibernate.dialect.Dialect            : HHH000400: Using dialect: org.hibernate.dialect.H2Dialect
2023-01-25 14:55:17.902  INFO 31686 --- [main] j.LocalContainerEntityManagerFactoryBean : Initialized JPA EntityManagerFactory for persistence unit 'default'
2023-01-25 14:55:18.489  WARN 31686 --- [main] aWebConfiguration$JpaWebMvcConfiguration : spring.jpa.open-in-view is enabled by default. Therefore, database queries may be performed during view rendering. Explicitly configure spring.jpa.open-in-view to disable this warning
2023-01-25 14:55:18.554  INFO 31686 --- [main] o.s.s.web.DefaultSecurityFilterChain     : Creating filter chain: any request, [org.springframework.security.web.context.request.async.WebAsyncManagerIntegrationFilter@a80a896, org.springframework.security.web.context.SecurityContextPersistenceFilter@23c00420, org.springframework.security.web.header.HeaderWriterFilter@2ff8d39b, org.springframework.web.filter.CorsFilter@13c81bc5, org.springframework.security.web.authentication.logout.LogoutFilter@72a0a60d, com.example.demo.security.JWTAuthenticationFilter@5617168c, com.example.demo.security.JWTAuthenticationVerficationFilter@8167f57, org.springframework.security.web.savedrequest.RequestCacheAwareFilter@20723ee, org.springframework.security.web.servletapi.SecurityContextHolderAwareRequestFilter@7944c323, org.springframework.security.web.authentication.AnonymousAuthenticationFilter@75da2db, org.springframework.security.web.session.SessionManagementFilter@7b5c9412, org.springframework.security.web.access.ExceptionTranslationFilter@40fcaae7, org.springframework.security.web.access.intercept.FilterSecurityInterceptor@e97f51c]
2023-01-25 14:55:18.880  INFO 31686 --- [main] o.s.s.concurrent.ThreadPoolTaskExecutor  : Initializing ExecutorService 'applicationTaskExecutor'
2023-01-25 14:55:19.066  INFO 31686 --- [main] c.example.demo.SareetaApplicationTests   : Started SareetaApplicationTests in 3.779 seconds (JVM running for 4.525)
2023-01-25 14:55:19.200  INFO 31686 --- [Thread-2] o.s.s.concurrent.ThreadPoolTaskExecutor  : Shutting down ExecutorService 'applicationTaskExecutor'
2023-01-25 14:55:19.201  INFO 31686 --- [Thread-2] j.LocalContainerEntityManagerFactoryBean : Closing JPA EntityManagerFactory for persistence unit 'default'
2023-01-25 14:55:19.206  INFO 31686 --- [Thread-2] com.zaxxer.hikari.HikariDataSource       : HikariPool-1 - Shutdown initiated...
2023-01-25 14:55:19.208  INFO 31686 --- [Thread-2] com.zaxxer.hikari.HikariDataSource       : HikariPool-1 - Shutdown completed.
2023-01-25 16:18:52.704  INFO 31146 --- [Thread-3] o.s.s.concurrent.ThreadPoolTaskExecutor  : Shutting down ExecutorService 'applicationTaskExecutor'
2023-01-25 16:18:52.707  INFO 31146 --- [Thread-3] j.LocalContainerEntityManagerFactoryBean : Closing JPA EntityManagerFactory for persistence unit 'default'
2023-01-25 16:18:52.708  INFO 31146 --- [Thread-3] com.zaxxer.hikari.HikariDataSource       : HikariPool-1 - Shutdown initiated...
2023-01-25 16:18:52.712  INFO 31146 --- [Thread-3] com.zaxxer.hikari.HikariDataSource       : HikariPool-1 - Shutdown completed.
2023-01-25 16:27:39.781  INFO 32655 --- [main] c.example.demo.SareetaApplicationTests   : Starting SareetaApplicationTests on debian with PID 32655 (started by hzhang in /home/hzhang/Documents/java-web-developer/security-and-devops/nd035-c4-Security-and-DevOps/starter_code)
2023-01-25 16:27:39.788  INFO 32655 --- [main] c.example.demo.SareetaApplicationTests   : No active profile set, falling back to default profiles: default
2023-01-25 16:27:40.452  INFO 32655 --- [main] .s.d.r.c.RepositoryConfigurationDelegate : Bootstrapping Spring Data repositories in DEFAULT mode.
2023-01-25 16:27:40.497  INFO 32655 --- [main] .s.d.r.c.RepositoryConfigurationDelegate : Finished Spring Data repository scanning in 39ms. Found 4 repository interfaces.
2023-01-25 16:27:40.852  INFO 32655 --- [main] trationDelegate$BeanPostProcessorChecker : Bean 'org.springframework.transaction.annotation.ProxyTransactionManagementConfiguration' of type [org.springframework.transaction.annotation.ProxyTransactionManagementConfiguration$$EnhancerBySpringCGLIB$$c8c844bc] is not eligible for getting processed by all BeanPostProcessors (for example: not eligible for auto-proxying)
2023-01-25 16:27:40.989  INFO 32655 --- [main] com.zaxxer.hikari.HikariDataSource       : HikariPool-1 - Starting...
2023-01-25 16:27:41.103  INFO 32655 --- [main] com.zaxxer.hikari.HikariDataSource       : HikariPool-1 - Start completed.
2023-01-25 16:27:41.152  INFO 32655 --- [main] o.hibernate.jpa.internal.util.LogHelper  : HHH000204: Processing PersistenceUnitInfo [
	name: default
	...]
2023-01-25 16:27:41.188  INFO 32655 --- [main] org.hibernate.Version                    : HHH000412: Hibernate Core {5.3.10.Final}
2023-01-25 16:27:41.188  INFO 32655 --- [main] org.hibernate.cfg.Environment            : HHH000206: hibernate.properties not found
2023-01-25 16:27:41.277  INFO 32655 --- [main] o.hibernate.annotations.common.Version   : HCANN000001: Hibernate Commons Annotations {5.0.4.Final}
2023-01-25 16:27:41.342  INFO 32655 --- [main] org.hibernate.dialect.Dialect            : HHH000400: Using dialect: org.hibernate.dialect.H2Dialect
2023-01-25 16:27:41.789  INFO 32655 --- [main] j.LocalContainerEntityManagerFactoryBean : Initialized JPA EntityManagerFactory for persistence unit 'default'
2023-01-25 16:27:42.249  WARN 32655 --- [main] aWebConfiguration$JpaWebMvcConfiguration : spring.jpa.open-in-view is enabled by default. Therefore, database queries may be performed during view rendering. Explicitly configure spring.jpa.open-in-view to disable this warning
2023-01-25 16:27:42.319  INFO 32655 --- [main] o.s.s.web.DefaultSecurityFilterChain     : Creating filter chain: any request, [org.springframework.security.web.context.request.async.WebAsyncManagerIntegrationFilter@441016d6, org.springframework.security.web.context.SecurityContextPersistenceFilter@5751e53e, org.springframework.security.web.header.HeaderWriterFilter@2b19b346, org.springframework.web.filter.CorsFilter@522f0bb8, org.springframework.security.web.authentication.logout.LogoutFilter@512dc0e0, com.example.demo.security.JWTAuthenticationFilter@468f2a6f, com.example.demo.security.JWTAuthenticationVerficationFilter@6a3a56de, org.springframework.security.web.savedrequest.RequestCacheAwareFilter@13047d3d, org.springframework.security.web.servletapi.SecurityContextHolderAwareRequestFilter@1e6bd367, org.springframework.security.web.authentication.AnonymousAuthenticationFilter@2ed84be9, org.springframework.security.web.session.SessionManagementFilter@706d2bae, org.springframework.security.web.access.ExceptionTranslationFilter@3e71a1f8, org.springframework.security.web.access.intercept.FilterSecurityInterceptor@5ced0537]
2023-01-25 16:27:42.681  INFO 32655 --- [main] o.s.s.concurrent.ThreadPoolTaskExecutor  : Initializing ExecutorService 'applicationTaskExecutor'
2023-01-25 16:27:42.836  INFO 32655 --- [main] c.example.demo.SareetaApplicationTests   : Started SareetaApplicationTests in 3.364 seconds (JVM running for 3.965)
2023-01-25 16:27:43.174  INFO 32655 --- [main] c.e.demo.controllers.OrderController     : Order (id:null) is submitted successfully.
2023-01-25 16:27:43.203  INFO 32655 --- [main] c.e.demo.controllers.UserController      : New user test created successfully.
2023-01-25 16:27:43.282  INFO 32655 --- [Thread-2] o.s.s.concurrent.ThreadPoolTaskExecutor  : Shutting down ExecutorService 'applicationTaskExecutor'
2023-01-25 16:27:43.293  INFO 32655 --- [Thread-2] j.LocalContainerEntityManagerFactoryBean : Closing JPA EntityManagerFactory for persistence unit 'default'
2023-01-25 16:27:43.299  INFO 32655 --- [Thread-2] com.zaxxer.hikari.HikariDataSource       : HikariPool-1 - Shutdown initiated...
2023-01-25 16:27:43.307  INFO 32655 --- [Thread-2] com.zaxxer.hikari.HikariDataSource       : HikariPool-1 - Shutdown completed.
